# JRE version: Java(TM) SE Runtime Environment (8.0_181-b13) (build 1.8.0_181-b13)
# Java VM: Java HotSpot(TM) 64-Bit Server VM (25.181-b13 mixed mode windows-amd64 compressed oops)
Heap:
 PSYoungGen      total 140288K, used 54147K [0x000000076b180000, 0x0000000774d00000, 0x00000007c0000000)
  eden space 124416K, 34% used [0x000000076b180000,0x000000076dbc2a38,0x0000000772b00000)
  from space 15872K, 68% used [0x0000000773d80000,0x000000077481e220,0x0000000774d00000)
  to   space 17408K, 0% used [0x0000000772b00000,0x0000000772b00000,0x0000000773c00000)
 ParOldGen       total 102912K, used 27030K [0x00000006c1400000, 0x00000006c7880000, 0x000000076b180000)
  object space 102912K, 26% used [0x00000006c1400000,0x00000006c2e65bd8,0x00000006c7880000)
 Metaspace       used 55691K, capacity 58932K, committed 58968K, reserved 1101824K
  class space    used 7157K, capacity 7528K, committed 7552K, reserved 1048576K
GC Heap History (10 events):
Event: 203.286 GC heap before
{Heap before GC invocations=6 (full 1):
 PSYoungGen      total 76288K, used 76279K [0x000000076b180000, 0x0000000770680000, 0x00000007c0000000)
  eden space 65536K, 100% used [0x000000076b180000,0x000000076f180000,0x000000076f180000)
  from space 10752K, 99% used [0x000000076fc00000,0x000000077067dde0,0x0000000770680000)
  to   space 10752K, 0% used [0x000000076f180000,0x000000076f180000,0x000000076fc00000)
 ParOldGen       total 77312K, used 12127K [0x00000006c1400000, 0x00000006c5f80000, 0x000000076b180000)
  object space 77312K, 15% used [0x00000006c1400000,0x00000006c1fd7cf8,0x00000006c5f80000)
 Metaspace       used 33136K, capacity 34398K, committed 34560K, reserved 1079296K
  class space    used 4049K, capacity 4249K, committed 4352K, reserved 1048576K
Event: 203.301 GC heap after
Heap after GC invocations=6 (full 1):
 PSYoungGen      total 74752K, used 10738K [0x000000076b180000, 0x0000000771500000, 0x00000007c0000000)
  eden space 64000K, 0% used [0x000000076b180000,0x000000076b180000,0x000000076f000000)
  from space 10752K, 99% used [0x000000076f180000,0x000000076fbfcac0,0x000000076fc00000)
  to   space 18944K, 0% used [0x0000000770280000,0x0000000770280000,0x0000000771500000)
 ParOldGen       total 77312K, used 18109K [0x00000006c1400000, 0x00000006c5f80000, 0x000000076b180000)
  object space 77312K, 23% used [0x00000006c1400000,0x00000006c25af630,0x00000006c5f80000)
 Metaspace       used 33136K, capacity 34398K, committed 34560K, reserved 1079296K
  class space    used 4049K, capacity 4249K, committed 4352K, reserved 1048576K
}
Event: 203.583 GC heap before
{Heap before GC invocations=7 (full 1):
 PSYoungGen      total 74752K, used 19103K [0x000000076b180000, 0x0000000771500000, 0x00000007c0000000)
  eden space 64000K, 13% used [0x000000076b180000,0x000000076b9ab1f0,0x000000076f000000)
  from space 10752K, 99% used [0x000000076f180000,0x000000076fbfcac0,0x000000076fc00000)
  to   space 18944K, 0% used [0x0000000770280000,0x0000000770280000,0x0000000771500000)
 ParOldGen       total 77312K, used 18109K [0x00000006c1400000, 0x00000006c5f80000, 0x000000076b180000)
  object space 77312K, 23% used [0x00000006c1400000,0x00000006c25af630,0x00000006c5f80000)
 Metaspace       used 34016K, capacity 35340K, committed 35416K, reserved 1081344K
  class space    used 4180K, capacity 4408K, committed 4480K, reserved 1048576K
Event: 203.597 GC heap after
Heap after GC invocations=7 (full 1):
 PSYoungGen      total 83968K, used 11685K [0x000000076b180000, 0x0000000774c80000, 0x00000007c0000000)
  eden space 65024K, 0% used [0x000000076b180000,0x000000076b180000,0x000000076f100000)
  from space 18944K, 61% used [0x0000000770280000,0x0000000770de94f0,0x0000000771500000)
  to   space 17920K, 0% used [0x000000076f100000,0x000000076f100000,0x0000000770280000)
 ParOldGen       total 77312K, used 18109K [0x00000006c1400000, 0x00000006c5f80000, 0x000000076b180000)
  object space 77312K, 23% used [0x00000006c1400000,0x00000006c25af630,0x00000006c5f80000)
 Metaspace       used 34016K, capacity 35340K, committed 35416K, reserved 1081344K
  class space    used 4180K, capacity 4408K, committed 4480K, reserved 1048576K
}
Event: 203.598 GC heap before
{Heap before GC invocations=8 (full 2):
 PSYoungGen      total 83968K, used 11685K [0x000000076b180000, 0x0000000774c80000, 0x00000007c0000000)
  eden space 65024K, 0% used [0x000000076b180000,0x000000076b180000,0x000000076f100000)
  from space 18944K, 61% used [0x0000000770280000,0x0000000770de94f0,0x0000000771500000)
  to   space 17920K, 0% used [0x000000076f100000,0x000000076f100000,0x0000000770280000)
 ParOldGen       total 77312K, used 18109K [0x00000006c1400000, 0x00000006c5f80000, 0x000000076b180000)
  object space 77312K, 23% used [0x00000006c1400000,0x00000006c25af630,0x00000006c5f80000)
 Metaspace       used 34016K, capacity 35340K, committed 35416K, reserved 1081344K
  class space    used 4180K, capacity 4408K, committed 4480K, reserved 1048576K
Event: 203.684 GC heap after
Heap after GC invocations=8 (full 2):
 PSYoungGen      total 83968K, used 0K [0x000000076b180000, 0x0000000774c80000, 0x00000007c0000000)
  eden space 65024K, 0% used [0x000000076b180000,0x000000076b180000,0x000000076f100000)
  from space 18944K, 0% used [0x0000000770280000,0x0000000770280000,0x0000000771500000)
  to   space 17920K, 0% used [0x000000076f100000,0x000000076f100000,0x0000000770280000)
 ParOldGen       total 102912K, used 27014K [0x00000006c1400000, 0x00000006c7880000, 0x000000076b180000)
  object space 102912K, 26% used [0x00000006c1400000,0x00000006c2e61bd8,0x00000006c7880000)
 Metaspace       used 34014K, capacity 35334K, committed 35416K, reserved 1081344K
  class space    used 4179K, capacity 4407K, committed 4480K, reserved 1048576K
}
Event: 209.637 GC heap before
{Heap before GC invocations=9 (full 2):
 PSYoungGen      total 83968K, used 65024K [0x000000076b180000, 0x0000000774c80000, 0x00000007c0000000)
  eden space 65024K, 100% used [0x000000076b180000,0x000000076f100000,0x000000076f100000)
  from space 18944K, 0% used [0x0000000770280000,0x0000000770280000,0x0000000771500000)
  to   space 17920K, 0% used [0x000000076f100000,0x000000076f100000,0x0000000770280000)
 ParOldGen       total 102912K, used 27014K [0x00000006c1400000, 0x00000006c7880000, 0x000000076b180000)
  object space 102912K, 26% used [0x00000006c1400000,0x00000006c2e61bd8,0x00000006c7880000)
 Metaspace       used 45274K, capacity 47248K, committed 47448K, reserved 1091584K
  class space    used 5886K, capacity 6197K, committed 6272K, reserved 1048576K
Event: 209.648 GC heap after
Heap after GC invocations=9 (full 2):
 PSYoungGen      total 82944K, used 7563K [0x000000076b180000, 0x0000000774f00000, 0x00000007c0000000)
  eden space 65024K, 0% used [0x000000076b180000,0x000000076b180000,0x000000076f100000)
  from space 17920K, 42% used [0x000000076f100000,0x000000076f862d58,0x0000000770280000)
  to   space 17920K, 0% used [0x0000000773d80000,0x0000000773d80000,0x0000000774f00000)
 ParOldGen       total 102912K, used 27022K [0x00000006c1400000, 0x00000006c7880000, 0x000000076b180000)
  object space 102912K, 26% used [0x00000006c1400000,0x00000006c2e63bd8,0x00000006c7880000)
 Metaspace       used 45274K, capacity 47248K, committed 47448K, reserved 1091584K
  class space    used 5886K, capacity 6197K, committed 6272K, reserved 1048576K
}
Event: 213.008 GC heap before
{Heap before GC invocations=10 (full 2):
 PSYoungGen      total 82944K, used 72587K [0x000000076b180000, 0x0000000774f00000, 0x00000007c0000000)
  eden space 65024K, 100% used [0x000000076b180000,0x000000076f100000,0x000000076f100000)
  from space 17920K, 42% used [0x000000076f100000,0x000000076f862d58,0x0000000770280000)
  to   space 17920K, 0% used [0x0000000773d80000,0x0000000773d80000,0x0000000774f00000)
 ParOldGen       total 102912K, used 27022K [0x00000006c1400000, 0x00000006c7880000, 0x000000076b180000)
  object space 102912K, 26% used [0x00000006c1400000,0x00000006c2e63bd8,0x00000006c7880000)
 Metaspace       used 52809K, capacity 55530K, committed 55768K, reserved 1097728K
  class space    used 6749K, capacity 7102K, committed 7168K, reserved 1048576K
Event: 213.027 GC heap after
Heap after GC invocations=10 (full 2):
 PSYoungGen      total 140288K, used 10872K [0x000000076b180000, 0x0000000774d00000, 0x00000007c0000000)
  eden space 124416K, 0% used [0x000000076b180000,0x000000076b180000,0x0000000772b00000)
  from space 15872K, 68% used [0x0000000773d80000,0x000000077481e220,0x0000000774d00000)
  to   space 17408K, 0% used [0x0000000772b00000,0x0000000772b00000,0x0000000773c00000)
 ParOldGen       total 102912K, used 27030K [0x00000006c1400000, 0x00000006c7880000, 0x000000076b180000)
  object space 102912K, 26% used [0x00000006c1400000,0x00000006c2e65bd8,0x00000006c7880000)
 Metaspace       used 52809K, capacity 55530K, committed 55768K, reserved 1097728K
  class space    used 6749K, capacity 7102K, committed 7168K, reserved 1048576K
}

